2023,Predicting with Decoder + Predictor,0.007625102996826172
2023,Predicting with MC Dropout,0.43686556816101074
2023,Predicting with Decoder + Predictor,0.007172107696533203
2023,Predicting with MC Dropout,0.033339738845825195
2023,Predicting with Decoder + Predictor,0.007191896438598633
2023,Predicting with MC Dropout,0.03348374366760254
2023,Predicting with Decoder + Predictor,0.0074748992919921875
2023,Predicting with MC Dropout,0.033986568450927734
2023,Predicting with Decoder + Predictor,0.007645845413208008
2023,Predicting with MC Dropout,0.03360176086425781
2023,Predicting with Decoder + Predictor,0.008094072341918945
2023,Predicting with MC Dropout,0.033986568450927734
2023,Predicting with Decoder + Predictor,0.007777690887451172
2023,Predicting with MC Dropout,0.03369259834289551
2023,KNN PI,0.013492345809936523
2023,KNN PI,0.009024620056152344
2023,KNN PI,0.008813142776489258
2023,Weighted PI,0.10502338409423828
2023,Weighted PI,0.09969449043273926
2023,Weighted PI,0.10124778747558594
2023,Conditional PI,0.018529653549194336
2023,Conditional PI,0.0071675777435302734
2023,Conditional PI,0.006990671157836914
2023,Copula PI,0.052442312240600586
2023,Copula PI,0.03436112403869629
2023,Copula PI,0.03442549705505371
2023,Conformal PI,0.0013709068298339844
2023,Conformal PI,0.001299142837524414
2023,Conformal PI,0.0012090206146240234
2023,Conformal PI,0.0012617111206054688
2023,Conformal PI,0.0012481212615966797
2023,Conformal PI,0.0008680820465087891
