2024,Training Encoder and Predictor,6.597254037857056
2024,Training Decoder,6.748413801193237
2024,Training Encoder and Predictor,7.885405540466309
2024,Training Decoder,9.682629585266113
2024,Training Encoder and Predictor,6.55693793296814
2024,Training Decoder,10.729851961135864
2024,Predicting with Decoder + Predictor,0.053969383239746094
2024,Predicting with MC Dropout,0.4376835823059082
2024,Predicting with Decoder + Predictor,0.00920557975769043
2024,Predicting with MC Dropout,0.035681724548339844
2024,Predicting with Decoder + Predictor,0.0076944828033447266
2024,Predicting with MC Dropout,0.034122467041015625
2024,Predicting with Decoder + Predictor,0.008013010025024414
2024,Predicting with MC Dropout,0.035466670989990234
2024,Predicting with Decoder + Predictor,0.008051156997680664
2024,Predicting with MC Dropout,0.034414052963256836
2024,Predicting with Decoder + Predictor,0.00835871696472168
2024,Predicting with MC Dropout,0.03533816337585449
2024,Predicting with Infer-Noise,0.031263113021850586
2024,Predicting with Infer-Noise,0.03193235397338867
2024,Predicting with Infer-Noise,0.03057718276977539
2024,Predicting with Infer-Noise,0.03205561637878418
2024,Predicting with Infer-Noise,0.031216859817504883
2024,Predicting with Infer-Noise,0.03200697898864746
2024,Training GPR,2.2861216068267822
2024,Training GPR,104.72558307647705
2024,Training GPR,99.44510984420776
2024,Predicting with GPR,0.05456399917602539
2024,Predicting with GPR,0.004433155059814453
2024,Predicting with GPR,0.0535578727722168
2024,Predicting with GPR,0.003264904022216797
2024,Predicting with GPR,0.05298042297363281
2024,Predicting with GPR,0.0033774375915527344
2024,Training BNN,40.716447591781616
2024,Training BNN,49.35119152069092
2024,Training BNN,40.42522192001343
2024,Predicting with BNN,5.201333284378052
2024,Predicting with BNN,10.360031843185425
2024,Predicting with BNN,5.19684362411499
2024,Predicting with BNN,10.407845735549927
2024,Predicting with BNN,5.201377868652344
2024,Predicting with BNN,10.40917158126831
2024,Training DER,103.28063368797302
2024,Training DER,141.0572533607483
2024,Training DER,99.86511588096619
2024,Predicting with DER,0.004353046417236328
2024,Predicting with DER,0.0030493736267089844
2024,Predicting with DER,0.0014815330505371094
2024,Predicting with DER,0.0018162727355957031
2024,Predicting with DER,0.001689910888671875
2024,Predicting with DER,0.002398252487182617
2024,KNN PI,0.010145902633666992
2024,KNN PI,0.008648872375488281
2024,KNN PI,0.00871729850769043
2024,Weighted PI,0.10762524604797363
2024,Weighted PI,0.09595680236816406
2024,Weighted PI,0.09497809410095215
2024,Conditional PI,0.01371002197265625
2024,Conditional PI,0.007015705108642578
2024,Conditional PI,0.0072307586669921875
2024,Copula PI,0.03719019889831543
2024,Copula PI,0.06244397163391113
2024,Copula PI,0.06331396102905273
2024,Conformal PI,0.0009157657623291016
2024,Conformal PI,0.0007517337799072266
2024,Conformal PI,0.0006814002990722656
2024,Conformal PI,0.0006859302520751953
2024,Conformal PI,0.0005228519439697266
2024,Conformal PI,0.0005309581756591797
2024,Conformal PI,0.0005245208740234375
2024,Conformal PI,0.0005280971527099609
2024,Conformal PI,0.0005235671997070312
2024,Conformal PI,0.0005164146423339844
2024,Conformal PI,0.0005176067352294922
2024,Conformal PI,0.0005295276641845703
2024,Conformal PI,0.000514984130859375
2024,Conformal PI,0.0005314350128173828
2024,Conformal PI,0.0005195140838623047
2024,Conformal PI,0.0005183219909667969
2024,Conformal PI,0.0005135536193847656
2024,Conformal PI,0.0005311965942382812
2025,Training Encoder and Predictor,8.060962915420532
2025,Training Decoder,13.652686595916748
2025,Training Encoder and Predictor,7.2409584522247314
2025,Training Decoder,17.32302165031433
2025,Training Encoder and Predictor,8.605312824249268
2025,Training Decoder,10.374666213989258
2025,Predicting with Decoder + Predictor,0.007727146148681641
2025,Predicting with MC Dropout,0.03474164009094238
2025,Predicting with Decoder + Predictor,0.00795888900756836
2025,Predicting with MC Dropout,0.036400794982910156
2025,Predicting with Decoder + Predictor,0.007767438888549805
2025,Predicting with MC Dropout,0.03418397903442383
2025,Predicting with Decoder + Predictor,0.008191108703613281
2025,Predicting with MC Dropout,0.03524327278137207
2025,Predicting with Decoder + Predictor,0.007905006408691406
2025,Predicting with MC Dropout,0.03444623947143555
2025,Predicting with Decoder + Predictor,0.008275508880615234
2025,Predicting with MC Dropout,0.03513932228088379
2025,Predicting with Infer-Noise,0.03037261962890625
2025,Predicting with Infer-Noise,0.0317685604095459
2025,Predicting with Infer-Noise,0.030468463897705078
2025,Predicting with Infer-Noise,0.03172945976257324
2025,Predicting with Infer-Noise,0.030831575393676758
2025,Predicting with Infer-Noise,0.03149914741516113
2025,Training GPR,84.28664827346802
2025,Training GPR,62.411263942718506
2025,Training GPR,98.09560060501099
2025,Predicting with GPR,0.053070068359375
2025,Predicting with GPR,0.0033206939697265625
2025,Predicting with GPR,0.05310368537902832
2025,Predicting with GPR,0.0034923553466796875
2025,Predicting with GPR,0.052887916564941406
2025,Predicting with GPR,0.003370523452758789
2025,Training BNN,64.18737864494324
2025,Training BNN,32.21188926696777
2025,Training BNN,31.912089109420776
2025,Predicting with BNN,5.252769947052002
2025,Predicting with BNN,10.399859189987183
2025,Predicting with BNN,5.25871205329895
2025,Predicting with BNN,10.461933135986328
2025,Predicting with BNN,5.200997352600098
2025,Predicting with BNN,10.448297262191772
2025,Training DER,91.94791746139526
2025,Training DER,219.39012026786804
2025,Training DER,205.59733963012695
2025,Predicting with DER,0.0031189918518066406
2025,Predicting with DER,0.003241300582885742
2025,Predicting with DER,0.001435995101928711
2025,Predicting with DER,0.0018618106842041016
2025,Predicting with DER,0.001913309097290039
2025,Predicting with DER,0.0023288726806640625
2025,KNN PI,0.010747671127319336
2025,KNN PI,0.008861064910888672
2025,KNN PI,0.00888681411743164
2025,Weighted PI,0.10843205451965332
2025,Weighted PI,0.09596824645996094
2025,Weighted PI,0.09615778923034668
2025,Conditional PI,0.011607885360717773
2025,Conditional PI,0.001623392105102539
2025,Conditional PI,0.0014243125915527344
2025,Copula PI,0.02904486656188965
2025,Copula PI,0.03073596954345703
2025,Copula PI,0.029909849166870117
2025,Conformal PI,0.0008947849273681641
2025,Conformal PI,0.0007288455963134766
2025,Conformal PI,0.0006482601165771484
2025,Conformal PI,0.0006532669067382812
2025,Conformal PI,0.0006456375122070312
2025,Conformal PI,0.0006480216979980469
2025,Conformal PI,0.0006377696990966797
2025,Conformal PI,0.0006663799285888672
2025,Conformal PI,0.0005307197570800781
2025,Conformal PI,0.0005176067352294922
2025,Conformal PI,0.0005245208740234375
2025,Conformal PI,0.0005300045013427734
2025,Conformal PI,0.0005221366882324219
2025,Conformal PI,0.00054168701171875
2025,Conformal PI,0.0005245208740234375
2025,Conformal PI,0.0005218982696533203
2025,Conformal PI,0.0005228519439697266
2025,Conformal PI,0.0005309581756591797
2026,Training Encoder and Predictor,8.948978662490845
2026,Training Decoder,6.260820150375366
2026,Training Encoder and Predictor,8.76885199546814
2026,Training Decoder,15.508634567260742
2026,Training Encoder and Predictor,7.343667030334473
2026,Training Decoder,10.326751947402954
2026,Predicting with Decoder + Predictor,0.007726430892944336
2026,Predicting with MC Dropout,0.035210609436035156
2026,Predicting with Decoder + Predictor,0.007730007171630859
2026,Predicting with MC Dropout,0.03627634048461914
2026,Predicting with Decoder + Predictor,0.0077304840087890625
2026,Predicting with MC Dropout,0.03408336639404297
2026,Predicting with Decoder + Predictor,0.00818634033203125
2026,Predicting with MC Dropout,0.03551530838012695
2026,Predicting with Decoder + Predictor,0.008122444152832031
2026,Predicting with MC Dropout,0.034955739974975586
2026,Predicting with Decoder + Predictor,0.008051395416259766
2026,Predicting with MC Dropout,0.035753726959228516
2026,Predicting with Infer-Noise,0.03092479705810547
2026,Predicting with Infer-Noise,0.03239727020263672
2026,Predicting with Infer-Noise,0.031000137329101562
2026,Predicting with Infer-Noise,0.03284406661987305
2026,Predicting with Infer-Noise,0.03174090385437012
2026,Predicting with Infer-Noise,0.032288551330566406
2026,Training GPR,112.53046107292175
2026,Training GPR,112.50161027908325
2026,Training GPR,100.06322503089905
2026,Predicting with GPR,0.05436134338378906
2026,Predicting with GPR,0.0034911632537841797
2026,Predicting with GPR,0.053107500076293945
2026,Predicting with GPR,0.0034322738647460938
2026,Predicting with GPR,0.05319714546203613
2026,Predicting with GPR,0.0033750534057617188
2026,Training BNN,105.29617643356323
2026,Training BNN,36.4985888004303
2026,Training BNN,36.41577410697937
2026,Predicting with BNN,5.26943039894104
2026,Predicting with BNN,10.455737352371216
2026,Predicting with BNN,5.312318801879883
2026,Predicting with BNN,10.624084949493408
2026,Predicting with BNN,5.272550582885742
2026,Predicting with BNN,10.59617018699646
2026,Training DER,136.43156790733337
2026,Training DER,136.16636657714844
2026,Training DER,147.30857634544373
2026,Predicting with DER,0.002572298049926758
2026,Predicting with DER,0.0025854110717773438
2026,Predicting with DER,0.0014653205871582031
2026,Predicting with DER,0.002196073532104492
2026,Predicting with DER,0.0017936229705810547
2026,Predicting with DER,0.002613544464111328
2026,KNN PI,0.010761499404907227
2026,KNN PI,0.009459257125854492
2026,KNN PI,0.008887052536010742
2026,Weighted PI,0.10697364807128906
2026,Weighted PI,0.09441399574279785
2026,Weighted PI,0.10144233703613281
2026,Conditional PI,0.0017232894897460938
2026,Conditional PI,0.0012738704681396484
2026,Conditional PI,0.0012478828430175781
2026,Copula PI,0.02814769744873047
2026,Copula PI,0.029218435287475586
2026,Copula PI,0.029225826263427734
2026,Conformal PI,0.0008978843688964844
2026,Conformal PI,0.0007421970367431641
2026,Conformal PI,0.0006778240203857422
2026,Conformal PI,0.0006575584411621094
2026,Conformal PI,0.0006465911865234375
2026,Conformal PI,0.0006573200225830078
2026,Conformal PI,0.000637054443359375
2026,Conformal PI,0.0006458759307861328
2026,Conformal PI,0.0006456375122070312
2026,Conformal PI,0.0006387233734130859
2026,Conformal PI,0.0005216598510742188
2026,Conformal PI,0.000537872314453125
2026,Conformal PI,0.0005214214324951172
2026,Conformal PI,0.0005521774291992188
2026,Conformal PI,0.0005202293395996094
2026,Conformal PI,0.0005292892456054688
2026,Conformal PI,0.0005097389221191406
2026,Conformal PI,0.0005295276641845703
2027,Training Encoder and Predictor,5.879662990570068
2027,Training Decoder,6.893880605697632
2027,Training Encoder and Predictor,8.043534755706787
2027,Training Decoder,10.203571557998657
2027,Training Encoder and Predictor,7.969785451889038
2027,Training Decoder,10.038782358169556
2027,Predicting with Decoder + Predictor,0.007844686508178711
2027,Predicting with MC Dropout,0.03553199768066406
2027,Predicting with Decoder + Predictor,0.0076923370361328125
2027,Predicting with MC Dropout,0.036174774169921875
2027,Predicting with Decoder + Predictor,0.007761478424072266
2027,Predicting with MC Dropout,0.03514218330383301
2027,Predicting with Decoder + Predictor,0.007922172546386719
2027,Predicting with MC Dropout,0.03574705123901367
2027,Predicting with Decoder + Predictor,0.008389949798583984
2027,Predicting with MC Dropout,0.03492617607116699
2027,Predicting with Decoder + Predictor,0.007931709289550781
2027,Predicting with MC Dropout,0.034996747970581055
2027,Predicting with Infer-Noise,0.03217005729675293
2027,Predicting with Infer-Noise,0.0317840576171875
2027,Predicting with Infer-Noise,0.03169703483581543
2027,Predicting with Infer-Noise,0.03196215629577637
2027,Predicting with Infer-Noise,0.032059431076049805
2027,Predicting with Infer-Noise,0.03193330764770508
2027,Training GPR,113.79588317871094
2027,Training GPR,72.89524292945862
2027,Training GPR,98.617107629776
2027,Predicting with GPR,0.05394625663757324
2027,Predicting with GPR,0.003201723098754883
2027,Predicting with GPR,0.05329298973083496
2027,Predicting with GPR,0.003557920455932617
2027,Predicting with GPR,0.05301260948181152
2027,Predicting with GPR,0.003368377685546875
2027,Training BNN,64.38733744621277
2027,Training BNN,32.30828881263733
2027,Training BNN,55.06867265701294
2027,Predicting with BNN,5.262806177139282
2027,Predicting with BNN,10.452085256576538
2027,Predicting with BNN,5.34299373626709
2027,Predicting with BNN,10.611995458602905
2027,Predicting with BNN,5.285662651062012
2027,Predicting with BNN,10.609540462493896
2027,Training DER,254.9724898338318
2027,Training DER,159.02048301696777
2027,Training DER,100.42616891860962
2027,Predicting with DER,0.0028848648071289062
2027,Predicting with DER,0.0030198097229003906
2027,Predicting with DER,0.0015819072723388672
2027,Predicting with DER,0.002046823501586914
2027,Predicting with DER,0.002027750015258789
2027,Predicting with DER,0.0025174617767333984
2027,KNN PI,0.010482549667358398
2027,KNN PI,0.008794546127319336
2027,KNN PI,0.008391857147216797
2027,Weighted PI,0.10763359069824219
2027,Weighted PI,0.09552979469299316
2027,Weighted PI,0.10257434844970703
2027,Conditional PI,0.006357669830322266
2027,Conditional PI,0.001458883285522461
2027,Conditional PI,0.0012576580047607422
2027,Copula PI,0.029079675674438477
2027,Copula PI,0.030204057693481445
2027,Copula PI,0.02890181541442871
2027,Conformal PI,0.0009055137634277344
2027,Conformal PI,0.0007176399230957031
2027,Conformal PI,0.0006694793701171875
2027,Conformal PI,0.0006473064422607422
2027,Conformal PI,0.0006444454193115234
2027,Conformal PI,0.0006535053253173828
2027,Conformal PI,0.0006270408630371094
2027,Conformal PI,0.0006492137908935547
2027,Conformal PI,0.0006387233734130859
2027,Conformal PI,0.0006380081176757812
2027,Conformal PI,0.0005176067352294922
2027,Conformal PI,0.0005276203155517578
2027,Conformal PI,0.0005133152008056641
2027,Conformal PI,0.0005135536193847656
2027,Conformal PI,0.0005185604095458984
2027,Conformal PI,0.000514984130859375
2027,Conformal PI,0.0005195140838623047
2027,Conformal PI,0.0005238056182861328
2023,Training BNN,1672.3546333312988
2023,Training BNN,1632.5396304130554
2023,Training BNN,1515.7362995147705
2023,Predicting with BNN,5.230467081069946
2023,Predicting with BNN,10.215535402297974
2023,Predicting with BNN,5.119513988494873
2023,Predicting with BNN,10.215869665145874
2023,Predicting with BNN,5.118042469024658
2023,Predicting with BNN,10.161527156829834
2023,KNN PI,0.01469731330871582
2023,KNN PI,0.008524179458618164
2023,KNN PI,0.008689641952514648
2023,Weighted PI,0.1035928726196289
2023,Weighted PI,0.10294270515441895
2023,Weighted PI,0.10202860832214355
2023,Conditional PI,0.014662742614746094
2023,Conditional PI,0.00636601448059082
2023,Conditional PI,0.006495952606201172
2023,Copula PI,0.027870655059814453
2023,Copula PI,0.03686261177062988
2023,Copula PI,0.03463172912597656
2023,Conformal PI,0.0005865097045898438
2023,Conformal PI,0.0004773139953613281
2023,Conformal PI,0.00043702125549316406
2023,Conformal PI,0.00043654441833496094
2023,Conformal PI,0.00040435791015625
2023,Conformal PI,0.0004379749298095703
2023,Conformal PI,0.0004467964172363281
2023,Conformal PI,0.00043845176696777344
2023,Conformal PI,0.0004363059997558594
2023,Conformal PI,0.00043582916259765625
2023,Conformal PI,0.0004038810729980469
2023,Conformal PI,0.0004353523254394531
2023,Conformal PI,0.000438690185546875
2023,Conformal PI,0.00044083595275878906
2023,Conformal PI,0.0004367828369140625
2023,Conformal PI,0.000438690185546875
2023,Conformal PI,0.0004112720489501953
2023,Conformal PI,0.0004432201385498047
2024,Training BNN,351.84376192092896
2024,Training BNN,132.08415913581848
2024,Training BNN,372.96872997283936
2024,Predicting with BNN,5.2765374183654785
2024,Predicting with BNN,10.48479962348938
2024,Predicting with BNN,5.233341693878174
2024,Predicting with BNN,10.494373798370361
2024,Predicting with BNN,5.241714954376221
2024,Predicting with BNN,10.47691535949707
2024,KNN PI,0.010530471801757812
2024,KNN PI,0.008646011352539062
2024,KNN PI,0.008449554443359375
2024,Weighted PI,0.09906959533691406
2024,Weighted PI,0.10098457336425781
2024,Weighted PI,0.09710216522216797
2024,Conditional PI,0.007710456848144531
2024,Conditional PI,0.0012156963348388672
2024,Conditional PI,0.0012271404266357422
2024,Copula PI,0.027133703231811523
2024,Copula PI,0.02858424186706543
2024,Copula PI,0.02876877784729004
2024,Conformal PI,0.0007205009460449219
2024,Conformal PI,0.0006895065307617188
2024,Conformal PI,0.0006418228149414062
2024,Conformal PI,0.0006384849548339844
2024,Conformal PI,0.0006310939788818359
2024,Conformal PI,0.0006465911865234375
2024,Conformal PI,0.0006296634674072266
2024,Conformal PI,0.0006444454193115234
2024,Conformal PI,0.0006406307220458984
2024,Conformal PI,0.0006449222564697266
2024,Conformal PI,0.0005142688751220703
2024,Conformal PI,0.0005228519439697266
2024,Conformal PI,0.0005140304565429688
2024,Conformal PI,0.0005166530609130859
2024,Conformal PI,0.0005109310150146484
2024,Conformal PI,0.0005152225494384766
2024,Conformal PI,0.0005202293395996094
2024,Conformal PI,0.0005099773406982422
2025,Training BNN,46.06822061538696
2025,Training BNN,32.13647699356079
2025,Training BNN,32.16867470741272
2025,Predicting with BNN,5.329160213470459
2025,Predicting with BNN,10.526277303695679
2025,Predicting with BNN,5.297927618026733
2025,Predicting with BNN,10.587723731994629
2025,Predicting with BNN,5.271190643310547
2025,Predicting with BNN,10.532318353652954
2025,KNN PI,0.010264873504638672
2025,KNN PI,0.009210348129272461
2025,KNN PI,0.009004354476928711
2025,Weighted PI,0.09546184539794922
2025,Weighted PI,0.10579037666320801
2025,Weighted PI,0.10555911064147949
2025,Conditional PI,0.0013701915740966797
2025,Conditional PI,0.0012240409851074219
2025,Conditional PI,0.0012123584747314453
2025,Copula PI,0.027748584747314453
2025,Copula PI,0.02852916717529297
2025,Copula PI,0.028621196746826172
2025,Conformal PI,0.0007302761077880859
2025,Conformal PI,0.0006899833679199219
2025,Conformal PI,0.0006310939788818359
2025,Conformal PI,0.0006330013275146484
2025,Conformal PI,0.0006601810455322266
2025,Conformal PI,0.0006349086761474609
2025,Conformal PI,0.0006270408630371094
2025,Conformal PI,0.0006530284881591797
2025,Conformal PI,0.0006313323974609375
2025,Conformal PI,0.0006260871887207031
2025,Conformal PI,0.000545501708984375
2025,Conformal PI,0.0005102157592773438
2025,Conformal PI,0.0005359649658203125
2025,Conformal PI,0.0005161762237548828
2025,Conformal PI,0.0005054473876953125
2025,Conformal PI,0.0005102157592773438
2025,Conformal PI,0.0005216598510742188
2025,Conformal PI,0.0005130767822265625
2026,Training BNN,118.96527409553528
2026,Training BNN,497.54334712028503
2024,Training BNN,1531.5795764923096
2024,Training BNN,1598.2767343521118
2024,Training BNN,1439.1292326450348
2024,Predicting with BNN,5.169140338897705
2024,Predicting with BNN,10.343110084533691
2024,Predicting with BNN,5.1538004875183105
2024,Predicting with BNN,10.287094831466675
2024,Predicting with BNN,5.194213390350342
2024,Predicting with BNN,10.295500040054321
2024,KNN PI,0.010948896408081055
2024,KNN PI,0.008449792861938477
2024,KNN PI,0.008500814437866211
2024,Weighted PI,0.1032407283782959
2024,Weighted PI,0.10292291641235352
2024,Weighted PI,0.1014251708984375
2024,Conditional PI,0.0016620159149169922
2024,Conditional PI,0.0012538433074951172
2024,Conditional PI,0.0013418197631835938
2024,Copula PI,0.02721881866455078
2024,Copula PI,0.02858901023864746
2024,Copula PI,0.028573989868164062
2024,Conformal PI,0.0007665157318115234
2024,Conformal PI,0.0007100105285644531
2024,Conformal PI,0.0006513595581054688
2024,Conformal PI,0.0006551742553710938
2024,Conformal PI,0.0006606578826904297
2024,Conformal PI,0.0006799697875976562
2024,Conformal PI,0.000644683837890625
2024,Conformal PI,0.0007467269897460938
2024,Conformal PI,0.0006577968597412109
2024,Conformal PI,0.0006530284881591797
2024,Conformal PI,0.0006535053253173828
2024,Conformal PI,0.0005342960357666016
2024,Conformal PI,0.0005333423614501953
2024,Conformal PI,0.0005328655242919922
2024,Conformal PI,0.00052642822265625
2024,Conformal PI,0.0005342960357666016
2024,Conformal PI,0.0005559921264648438
2024,Conformal PI,0.0005321502685546875
2025,Training BNN,1579.4657180309296
2025,Training BNN,1517.4210004806519
2025,Training BNN,1562.4261255264282
2025,Predicting with BNN,5.1840126514434814
2025,Predicting with BNN,10.278575420379639
2025,Predicting with BNN,5.169980764389038
2025,Predicting with BNN,10.418581485748291
2025,Predicting with BNN,5.142437219619751
2025,Predicting with BNN,10.258445024490356
2025,KNN PI,0.00975656509399414
2025,KNN PI,0.008574247360229492
2025,KNN PI,0.008738040924072266
2025,Weighted PI,0.09523963928222656
2025,Weighted PI,0.09829974174499512
2025,Weighted PI,0.10473871231079102
2025,Conditional PI,0.008291244506835938
2025,Conditional PI,0.0012357234954833984
2025,Conditional PI,0.0013513565063476562
2025,Copula PI,0.027806520462036133
2025,Copula PI,0.028781890869140625
2025,Copula PI,0.028672456741333008
2025,Conformal PI,0.0007410049438476562
2025,Conformal PI,0.0007245540618896484
2025,Conformal PI,0.0006561279296875
2025,Conformal PI,0.000652313232421875
2025,Conformal PI,0.0006623268127441406
2025,Conformal PI,0.0006475448608398438
2025,Conformal PI,0.0006356239318847656
2025,Conformal PI,0.0006365776062011719
2025,Conformal PI,0.0006492137908935547
2025,Conformal PI,0.0006432533264160156
2025,Conformal PI,0.0006444454193115234
2025,Conformal PI,0.0005185604095458984
2025,Conformal PI,0.0005209445953369141
2025,Conformal PI,0.000522613525390625
2025,Conformal PI,0.0005154609680175781
2025,Conformal PI,0.000522613525390625
2025,Conformal PI,0.0005168914794921875
2025,Conformal PI,0.0005185604095458984
2026,Training BNN,1679.5521483421326
2026,Training BNN,1685.6744277477264
2026,Training BNN,1698.085074186325
2026,Predicting with BNN,5.272416830062866
2026,Predicting with BNN,10.279424905776978
2026,Predicting with BNN,5.1934425830841064
2026,Predicting with BNN,10.435852527618408
2026,Predicting with BNN,5.264862060546875
2026,Predicting with BNN,10.391890048980713
2026,KNN PI,0.010062217712402344
2026,KNN PI,0.00861048698425293
2026,KNN PI,0.008471012115478516
2026,Weighted PI,0.09424781799316406
2026,Weighted PI,0.09585046768188477
2026,Weighted PI,0.09525465965270996
2026,Conditional PI,0.0013966560363769531
2026,Conditional PI,0.0012197494506835938
2026,Conditional PI,0.0012362003326416016
2026,Copula PI,0.02734065055847168
2026,Copula PI,0.028209686279296875
2026,Copula PI,0.028554439544677734
2026,Conformal PI,0.0007786750793457031
2026,Conformal PI,0.0007123947143554688
2026,Conformal PI,0.0006358623504638672
2026,Conformal PI,0.0006392002105712891
2026,Conformal PI,0.0006432533264160156
2026,Conformal PI,0.0006434917449951172
2026,Conformal PI,0.0006299018859863281
2026,Conformal PI,0.0006382465362548828
2026,Conformal PI,0.0006422996520996094
2026,Conformal PI,0.0006389617919921875
2026,Conformal PI,0.0006427764892578125
2026,Conformal PI,0.0005288124084472656
2026,Conformal PI,0.0005154609680175781
2026,Conformal PI,0.0005214214324951172
2026,Conformal PI,0.0005309581756591797
2026,Conformal PI,0.0005247592926025391
2026,Conformal PI,0.0005147457122802734
2026,Conformal PI,0.0005173683166503906
2027,Training BNN,1459.4600174427032
2027,Training BNN,1480.2593312263489
2027,Training BNN,1602.0751192569733
2027,Predicting with BNN,5.188760042190552
2027,Predicting with BNN,10.298533201217651
2027,Predicting with BNN,5.226184368133545
2027,Predicting with BNN,10.291772603988647
2027,Predicting with BNN,5.138508558273315
2027,Predicting with BNN,10.8425874710083
2027,KNN PI,0.010274171829223633
2027,KNN PI,0.008951663970947266
2027,KNN PI,0.008600234985351562
2027,Weighted PI,0.10722827911376953
2027,Weighted PI,0.09560489654541016
2027,Weighted PI,0.10237860679626465
2027,Conditional PI,0.0014891624450683594
2027,Conditional PI,0.0020890235900878906
2027,Conditional PI,0.0012481212615966797
2027,Copula PI,0.029335975646972656
2027,Copula PI,0.030342817306518555
2027,Copula PI,0.02966141700744629
2027,Conformal PI,0.0007829666137695312
2027,Conformal PI,0.0007381439208984375
2027,Conformal PI,0.0006604194641113281
2027,Conformal PI,0.0006525516510009766
2027,Conformal PI,0.0006411075592041016
2027,Conformal PI,0.0006396770477294922
2027,Conformal PI,0.0006296634674072266
2027,Conformal PI,0.0006380081176757812
2027,Conformal PI,0.0006377696990966797
2027,Conformal PI,0.0006320476531982422
2027,Conformal PI,0.0005202293395996094
2027,Conformal PI,0.0005197525024414062
2027,Conformal PI,0.0005209445953369141
2027,Conformal PI,0.0005133152008056641
2027,Conformal PI,0.0005247592926025391
2027,Conformal PI,0.0005228519439697266
2027,Conformal PI,0.0005178451538085938
2027,Conformal PI,0.0005192756652832031
